2022-03-26 01:54:15,115 - ERROR - [-] Unknown Exceptions for Bird Hookbilled bulbul
2022-03-26 01:54:22,395 - ERROR - [-] Unknown Exceptions for Bird Hookbilled hermit
2022-03-26 01:54:29,358 - ERROR - [-] Unknown Exceptions for Bird Hookbilled kingfisher
2022-03-26 01:54:35,840 - ERROR - [-] Unknown Exceptions for Bird Hookbilled kite
2022-03-26 01:54:42,601 - ERROR - [-] Unknown Exceptions for Bird Hookbilled vanga
2022-03-26 01:54:49,367 - ERROR - [-] Unknown Exceptions for Bird Hoopoe starling
2022-03-26 01:54:57,897 - ERROR - [-] Unknown Exceptions for Bird Hornbill friarbird
2022-03-26 01:55:06,129 - ERROR - [-] Unknown Exceptions for Bird Hornbys storm petrel
2022-03-26 01:56:03,359 - ERROR - [-] Unknown Exceptions for Bird Horned parakeet
2022-03-26 01:56:56,070 - ERROR - [-] Unknown Exceptions for Bird Horsfields bush lark
2022-03-26 01:57:21,288 - ERROR - [-] Unknown Exceptions for Bird Hoses partridge
2022-03-26 01:58:30,362 - ERROR - [-] Unknown Exceptions for Bird Huallaga tanager
2022-03-26 01:59:16,462 - ERROR - [-] Unknown Exceptions for Bird Hudsonian whimbrel
2022-03-26 01:59:49,166 - ERROR - [-] Unknown Exceptions for Bird Humblots flycatcher
2022-03-26 02:00:41,526 - ERROR - [-] Unknown Exceptions for Bird Humes hawkowl
2022-03-26 02:00:49,115 - ERROR - [-] Unknown Exceptions for Bird Humes leaf warbler
2022-03-26 02:00:56,533 - ERROR - [-] Unknown Exceptions for Bird Humes shorttoed lark
2022-03-26 02:01:20,820 - ERROR - [-] Unknown Exceptions for Bird Humes whiteeye
2022-03-26 02:01:27,621 - ERROR - [-] Unknown Exceptions for Bird Humes whitethroat
2022-03-26 02:01:35,211 - ERROR - [-] Unknown Exceptions for Bird Hunsteins mannikin
2022-03-26 02:03:17,025 - ERROR - [-] Unknown Exceptions for Bird Iago sparrow
2022-03-26 02:03:31,864 - ERROR - [-] Unknown Exceptions for Bird Ibera seedeater
2022-03-26 02:03:57,807 - ERROR - [-] Unknown Exceptions for Bird Iberian grey shrike
2022-03-26 02:05:16,656 - ERROR - [-] Unknown Exceptions for Bird Imitator goshawk
2022-03-26 02:05:33,732 - ERROR - [-] Unknown Exceptions for Bird Imperial shag
2022-03-26 02:05:51,931 - ERROR - [-] Unknown Exceptions for Bird Imperial woodpecker
2022-03-26 02:07:01,856 - ERROR - [-] Unknown Exceptions for Bird Inca jay
2022-03-26 02:07:26,971 - ERROR - [-] Unknown Exceptions for Bird Indian blacklored tit
2022-03-26 02:07:51,360 - ERROR - [-] Unknown Exceptions for Bird Indian bush lark
2022-03-26 02:08:17,930 - ERROR - [-] Unknown Exceptions for Bird Indian eagleowl
2022-03-26 02:08:38,096 - ERROR - [-] Unknown Exceptions for Bird Indian grey hornbill
2022-03-26 02:08:43,955 - ERROR - [-] Unknown Exceptions for Bird Indian jungle crow
2022-03-26 02:10:09,886 - ERROR - [-] Unknown Exceptions for Bird Indian spotbilled duck
2022-03-26 02:10:36,355 - ERROR - [-] Unknown Exceptions for Bird Indian stonecurlew
2022-03-26 02:10:57,458 - ERROR - [-] Unknown Exceptions for Bird Indian whiteeye
2022-03-26 02:11:03,520 - ERROR - [-] Unknown Exceptions for Bird Indian yellownosed albatross
2022-03-26 02:11:30,522 - ERROR - [-] Unknown Exceptions for Bird Indigobanded kingfisher
2022-03-26 02:11:36,485 - ERROR - [-] Unknown Exceptions for Bird Indigocapped hummingbird
2022-03-26 02:11:44,542 - ERROR - [-] Unknown Exceptions for Bird Indochinese barbet
2022-03-26 02:11:59,629 - ERROR - [-] Unknown Exceptions for Bird Indochinese bush lark
2022-03-26 02:14:07,039 - ERROR - [-] Unknown Exceptions for Bird Isabelline bushhen
2022-03-26 02:14:27,045 - ERROR - [-] Unknown Exceptions for Bird Island bronzenaped pigeon
2022-03-26 02:15:23,781 - ERROR - [-] Unknown Exceptions for Bird Islet kingfisher
2022-03-26 02:15:50,665 - ERROR - [-] Unknown Exceptions for Bird Itombwe flycatcher
2022-03-26 02:16:10,899 - ERROR - [-] Unknown Exceptions for Bird Ivorybacked woodswallow
2022-03-26 02:16:16,754 - ERROR - [-] Unknown Exceptions for Bird Ivorybilled aracari
2022-03-26 02:16:22,564 - ERROR - [-] Unknown Exceptions for Bird Ivorybilled coucal
2022-03-26 02:16:28,840 - ERROR - [-] Unknown Exceptions for Bird Ivorybilled woodcreeper
2022-03-26 02:16:35,498 - ERROR - [-] Unknown Exceptions for Bird Ivorybilled woodpecker
2022-03-26 02:16:41,658 - ERROR - [-] Unknown Exceptions for Bird Ivorybreasted pitta
2022-03-26 02:17:23,490 - ERROR - [-] Unknown Exceptions for Bird Jacksons spurfowl
2022-03-26 02:17:44,268 - ERROR - [-] Unknown Exceptions for Bird Jacobin cuckoo
2022-03-26 02:18:59,149 - ERROR - [-] Unknown Exceptions for Bird Jamaican petrel
2022-03-26 02:19:12,424 - ERROR - [-] Unknown Exceptions for Bird Jamaican poorwill
2022-03-26 02:20:27,181 - ERROR - [-] Unknown Exceptions for Bird Jamesons wattleeye
2022-03-26 02:20:39,815 - ERROR - [-] Unknown Exceptions for Bird Jankowskis bunting
2022-03-26 02:21:06,385 - ERROR - [-] Unknown Exceptions for Bird Japanese green woodpecker
2022-03-26 02:22:01,850 - ERROR - [-] Unknown Exceptions for Bird Japanese reed bunting
2022-03-26 02:23:28,138 - ERROR - [-] Unknown Exceptions for Bird Javan bush warbler
2022-03-26 02:24:15,455 - ERROR - [-] Unknown Exceptions for Bird Javan hawkeagle
2022-03-26 02:24:29,993 - ERROR - [-] Unknown Exceptions for Bird Javan lapwing
2022-03-26 02:25:44,817 - ERROR - [-] Unknown Exceptions for Bird Javan whiteeye
2022-03-26 02:26:04,517 - ERROR - [-] Unknown Exceptions for Bird Jelskis chattyrant
2022-03-26 02:26:24,778 - ERROR - [-] Unknown Exceptions for Bird Jerdons bush chat
2022-03-26 02:26:30,446 - ERROR - [-] Unknown Exceptions for Bird Jerdons bush lark
2022-03-26 02:27:44,590 - ERROR - [-] Unknown Exceptions for Bird Johanness todytyrant
2022-03-26 02:27:51,282 - ERROR - [-] Unknown Exceptions for Bird Jonquil parrot
2022-03-26 02:28:41,210 - ERROR - [-] Unknown Exceptions for Bird Juan Fernández firecrown
2022-03-26 02:28:51,444 - ERROR - [-] Unknown Exceptions for Bird Juan Fernández petrel
2022-03-26 02:29:48,376 - ERROR - [-] Unknown Exceptions for Bird Juan Fernández tittyrant
2022-03-26 02:29:55,034 - ERROR - [-] Unknown Exceptions for Bird Juba weaver
2022-03-26 09:55:05,295 - ERROR - [-] Unknown Exceptions for Bird Heartspotted woodpecker
2022-03-26 09:57:35,858 - ERROR - [-] Unknown Exceptions for Bird Hendersons ground jay
2022-03-26 09:57:41,532 - ERROR - [-] Unknown Exceptions for Bird Hennacapped foliagegleaner
2022-03-26 09:57:48,106 - ERROR - [-] Unknown Exceptions for Bird Hennahooded foliagegleaner
2022-03-26 09:58:40,022 - ERROR - [-] Unknown Exceptions for Bird Herero chat1
2022-03-26 09:59:25,763 - ERROR - [-] Unknown Exceptions for Bird Heuglins spurfowl
2022-03-26 09:59:40,198 - ERROR - [-] Unknown Exceptions for Bird Heuglins whiteeye
2022-03-26 10:00:26,304 - ERROR - [-] Unknown Exceptions for Bird Hildebrandts spurfowl
2022-03-26 10:01:28,660 - ERROR - [-] Unknown Exceptions for Bird Himalayan blacklored tit
2022-03-26 10:03:29,429 - ERROR - [-] Unknown Exceptions for Bird Himalayan shrikebabbler
2022-03-26 10:03:57,906 - ERROR - [-] Unknown Exceptions for Bird Himalayan vulture
2022-03-26 10:04:03,679 - ERROR - [-] Unknown Exceptions for Bird Himalayan whitebrowed rosefinch
2022-03-26 10:04:32,219 - ERROR - [-] Unknown Exceptions for Bird Hispaniolan amazon
2022-03-26 10:05:04,966 - ERROR - [-] Unknown Exceptions for Bird Hispaniolan nightjar
2022-03-26 10:05:19,771 - ERROR - [-] Unknown Exceptions for Bird Hispaniolan palm crow
2022-03-26 10:06:08,849 - ERROR - [-] Unknown Exceptions for Bird Hoaryheaded grebe
2022-03-26 10:06:14,913 - ERROR - [-] Unknown Exceptions for Bird Hoarythroated barwing
2022-03-26 10:06:20,906 - ERROR - [-] Unknown Exceptions for Bird Hoarythroated spinetail
2022-03-26 10:06:34,163 - ERROR - [-] Unknown Exceptions for Bird HoatzinTemporal range MioceneHolocene
2022-03-26 10:06:48,298 - ERROR - [-] Unknown Exceptions for Bird Hodgsons hawkcuckoo
2022-03-26 10:07:29,716 - ERROR - [-] Unknown Exceptions for Bird Hofmanns sunbird
2022-03-26 10:07:35,944 - ERROR - [-] Unknown Exceptions for Bird Hofmanns sunbird   
2022-03-26 10:07:50,306 - ERROR - [-] Unknown Exceptions for Bird Hombrons kingfisher
2022-03-26 10:08:19,511 - ERROR - [-] Unknown Exceptions for Bird Hood mockingbird
2022-03-26 10:09:09,447 - ERROR - [-] Unknown Exceptions for Bird Hooded dotterel
2022-03-26 10:09:40,525 - ERROR - [-] Unknown Exceptions for Bird Hooded mannikin
2022-03-26 10:12:12,506 - ERROR - [-] Unknown Exceptions for Bird Hookbilled bulbul
2022-03-26 10:12:18,554 - ERROR - [-] Unknown Exceptions for Bird Hookbilled hermit
2022-03-26 10:12:25,073 - ERROR - [-] Unknown Exceptions for Bird Hookbilled kingfisher
2022-03-26 10:12:31,104 - ERROR - [-] Unknown Exceptions for Bird Hookbilled kite
2022-03-26 10:12:37,774 - ERROR - [-] Unknown Exceptions for Bird Hookbilled vanga
2022-03-26 10:12:44,670 - ERROR - [-] Unknown Exceptions for Bird Hoopoe starling
2022-03-26 10:12:50,517 - ERROR - [-] Unknown Exceptions for Bird Hornbill friarbird
2022-03-26 10:12:56,685 - ERROR - [-] Unknown Exceptions for Bird Hornbys storm petrel
2022-03-26 10:13:46,468 - ERROR - [-] Unknown Exceptions for Bird Horned parakeet
2022-03-26 10:14:29,885 - ERROR - [-] Unknown Exceptions for Bird Horsfields bush lark
2022-03-26 10:14:50,642 - ERROR - [-] Unknown Exceptions for Bird Hoses partridge
2022-03-27 13:00:00,092 - ERROR - [-] Unknown Exceptions for Bird Heard Island shag
2022-03-27 13:00:26,752 - ERROR - [-] Unknown Exceptions for Bird Heartspotted woodpecker
2022-03-27 13:04:26,325 - ERROR - [-] Unknown Exceptions for Bird Hendersons ground jay
2022-03-27 13:04:35,348 - ERROR - [-] Unknown Exceptions for Bird Hennacapped foliagegleaner
2022-03-27 13:04:44,913 - ERROR - [-] Unknown Exceptions for Bird Hennahooded foliagegleaner
2022-03-27 13:06:14,212 - ERROR - [-] Unknown Exceptions for Bird Herero chat1
2022-03-27 13:07:48,398 - ERROR - [-] Unknown Exceptions for Bird Heuglins spurfowl
2022-03-27 13:08:11,340 - ERROR - [-] Unknown Exceptions for Bird Heuglins whiteeye
2022-03-27 13:09:15,546 - ERROR - [-] Unknown Exceptions for Bird Hildebrandts spurfowl
2022-03-27 13:11:00,530 - ERROR - [-] Unknown Exceptions for Bird Himalayan blacklored tit
2022-03-27 13:13:39,057 - ERROR - [-] Unknown Exceptions for Bird Himalayan shrikebabbler
2022-03-27 13:14:21,849 - ERROR - [-] Unknown Exceptions for Bird Himalayan vulture
2022-03-27 13:14:30,419 - ERROR - [-] Unknown Exceptions for Bird Himalayan whitebrowed rosefinch
2022-03-27 13:15:02,518 - ERROR - [-] Unknown Exceptions for Bird Hispaniolan amazon
2022-03-27 13:15:50,260 - ERROR - [-] Unknown Exceptions for Bird Hispaniolan nightjar
2022-03-27 13:16:08,975 - ERROR - [-] Unknown Exceptions for Bird Hispaniolan palm crow
2022-03-27 13:16:52,813 - ERROR - [-] Unknown Exceptions for Bird Hispaniolan spindalis
2022-03-27 13:17:31,454 - ERROR - [-] Unknown Exceptions for Bird Hispaniolan trogon
2022-03-27 13:18:08,920 - ERROR - [-] Unknown Exceptions for Bird Hoaryheaded grebe
2022-03-27 13:18:20,290 - ERROR - [-] Unknown Exceptions for Bird Hoarythroated barwing
2022-03-27 13:18:33,296 - ERROR - [-] Unknown Exceptions for Bird Hoarythroated spinetail
2022-03-27 13:19:00,434 - ERROR - [-] Unknown Exceptions for Bird HoatzinTemporal range MioceneHolocene
2022-03-27 13:19:31,301 - ERROR - [-] Unknown Exceptions for Bird Hodgsons hawkcuckoo
2022-03-27 13:20:48,859 - ERROR - [-] Unknown Exceptions for Bird Hofmanns sunbird
2022-03-27 13:21:03,257 - ERROR - [-] Unknown Exceptions for Bird Hofmanns sunbird   
2022-03-27 13:21:24,283 - ERROR - [-] Unknown Exceptions for Bird Hombrons kingfisher
2022-03-27 13:21:55,920 - ERROR - [-] Unknown Exceptions for Bird Hood mockingbird
2022-03-27 13:23:20,988 - ERROR - [-] Unknown Exceptions for Bird Hooded dotterel
2022-03-27 13:24:06,030 - ERROR - [-] Unknown Exceptions for Bird Hooded mannikin
2022-03-27 13:26:05,684 - ERROR - [-] Unknown Exceptions for Bird Hooded robin
2022-03-27 13:27:19,192 - ERROR - [-] Unknown Exceptions for Bird Hooded visorbearer
2022-03-27 13:28:29,223 - ERROR - [-] Unknown Exceptions for Bird Hookbilled bulbul
2022-03-27 13:28:43,284 - ERROR - [-] Unknown Exceptions for Bird Hookbilled hermit
2022-03-27 13:28:54,182 - ERROR - [-] Unknown Exceptions for Bird Hookbilled kingfisher
2022-03-27 13:29:04,292 - ERROR - [-] Unknown Exceptions for Bird Hookbilled kite
2022-03-27 13:29:14,899 - ERROR - [-] Unknown Exceptions for Bird Hookbilled vanga
2022-03-27 13:29:23,536 - ERROR - [-] Unknown Exceptions for Bird Hoopoe starling
2022-03-27 13:29:32,601 - ERROR - [-] Unknown Exceptions for Bird Hornbill friarbird
2022-03-27 13:29:42,204 - ERROR - [-] Unknown Exceptions for Bird Hornbys storm petrel
2022-03-27 13:29:54,571 - ERROR - [-] Unknown Exceptions for Bird Horned coot
2022-03-27 13:31:02,637 - ERROR - [-] Unknown Exceptions for Bird Horned parakeet
2022-03-27 13:32:15,069 - ERROR - [-] Unknown Exceptions for Bird Horsfields bush lark
2022-03-27 13:32:25,256 - ERROR - [-] Unknown Exceptions for Bird Horus swift
2022-03-27 13:32:42,935 - ERROR - [-] Unknown Exceptions for Bird Hoses broadbill
2022-03-27 13:33:03,095 - ERROR - [-] Unknown Exceptions for Bird Hoses partridge
2022-03-27 13:34:17,983 - ERROR - [-] Unknown Exceptions for Bird House swift
2022-03-27 13:34:47,761 - ERROR - [-] Unknown Exceptions for Bird Huallaga tanager
2022-03-27 13:35:26,748 - ERROR - [-] Unknown Exceptions for Bird Hudsonian whimbrel
2022-03-27 13:36:04,593 - ERROR - [-] Unknown Exceptions for Bird Huets fulvetta
2022-03-27 13:36:34,109 - ERROR - [-] Unknown Exceptions for Bird HuiaTemporal range Holocene
2022-03-27 13:36:55,149 - ERROR - [-] Unknown Exceptions for Bird Humblots flycatcher
2022-03-27 13:38:24,615 - ERROR - [-] Unknown Exceptions for Bird Humes hawkowl
2022-03-27 13:38:35,395 - ERROR - [-] Unknown Exceptions for Bird Humes leaf warbler
2022-03-27 13:38:46,778 - ERROR - [-] Unknown Exceptions for Bird Humes shorttoed lark
2022-03-27 13:39:21,618 - ERROR - [-] Unknown Exceptions for Bird Humes whiteeye
2022-03-27 13:39:34,451 - ERROR - [-] Unknown Exceptions for Bird Humes whitethroat
2022-03-27 13:39:58,914 - ERROR - [-] Unknown Exceptions for Bird Hunsteins mannikin
2022-03-27 13:42:39,388 - ERROR - [-] Unknown Exceptions for Bird Hylocitrea1
2022-03-27 13:42:48,459 - ERROR - [-] Unknown Exceptions for Bird Iago sparrow
2022-03-27 13:43:10,359 - ERROR - [-] Unknown Exceptions for Bird Ibera seedeater
2022-03-27 13:43:21,728 - ERROR - [-] Unknown Exceptions for Bird Iberian chiffchaff
2022-03-27 13:43:50,066 - ERROR - [-] Unknown Exceptions for Bird Iberian grey shrike
2022-03-27 13:45:01,258 - ERROR - [-] Unknown Exceptions for Bird Iherings antwren
2022-03-27 13:45:46,583 - ERROR - [-] Unknown Exceptions for Bird Imitator goshawk
2022-03-27 13:46:09,212 - ERROR - [-] Unknown Exceptions for Bird Imperial shag
2022-03-27 13:46:54,873 - ERROR - [-] Unknown Exceptions for Bird Imperial woodpecker
2022-03-27 13:48:22,214 - ERROR - [-] Unknown Exceptions for Bird Inca jay
2022-03-27 13:49:08,629 - ERROR - [-] Unknown Exceptions for Bird Indian blacklored tit
2022-03-27 13:49:28,948 - ERROR - [-] Unknown Exceptions for Bird Indian bush lark
2022-03-27 13:50:32,226 - ERROR - [-] Unknown Exceptions for Bird Indian eagleowl
2022-03-27 13:51:06,070 - ERROR - [-] Unknown Exceptions for Bird Indian grey hornbill
2022-03-27 13:51:17,224 - ERROR - [-] Unknown Exceptions for Bird Indian jungle crow
2022-03-27 13:54:01,063 - ERROR - [-] Unknown Exceptions for Bird Indian spotbilled duck
2022-03-27 13:54:38,028 - ERROR - [-] Unknown Exceptions for Bird Indian stonecurlew
2022-03-27 13:55:14,102 - ERROR - [-] Unknown Exceptions for Bird Indian whiteeye
2022-03-27 13:55:22,958 - ERROR - [-] Unknown Exceptions for Bird Indian yellownosed albatross
2022-03-27 13:56:09,502 - ERROR - [-] Unknown Exceptions for Bird Indigobanded kingfisher
2022-03-27 13:56:20,402 - ERROR - [-] Unknown Exceptions for Bird Indigocapped hummingbird
2022-03-27 13:56:32,740 - ERROR - [-] Unknown Exceptions for Bird Indochinese barbet
2022-03-27 13:56:53,166 - ERROR - [-] Unknown Exceptions for Bird Indochinese bush lark
2022-03-27 14:00:32,342 - ERROR - [-] Unknown Exceptions for Bird Isabelline bushhen
2022-03-27 14:01:03,359 - ERROR - [-] Unknown Exceptions for Bird Island bronzenaped pigeon
2022-03-27 14:02:58,320 - ERROR - [-] Unknown Exceptions for Bird Island monarch
2022-03-27 14:04:46,954 - ERROR - [-] Unknown Exceptions for Bird Island swiftlet
2022-03-27 14:05:30,525 - ERROR - [-] Unknown Exceptions for Bird Island thrush
2022-03-27 14:06:03,462 - ERROR - [-] Unknown Exceptions for Bird Islet kingfisher
2022-03-27 14:06:52,002 - ERROR - [-] Unknown Exceptions for Bird Itombwe flycatcher
2022-03-27 14:07:24,788 - ERROR - [-] Unknown Exceptions for Bird Ivorybacked woodswallow
2022-03-27 14:07:33,531 - ERROR - [-] Unknown Exceptions for Bird Ivorybilled aracari
2022-03-27 14:07:42,575 - ERROR - [-] Unknown Exceptions for Bird Ivorybilled coucal
2022-03-27 14:07:51,348 - ERROR - [-] Unknown Exceptions for Bird Ivorybilled woodcreeper
2022-03-27 14:08:00,975 - ERROR - [-] Unknown Exceptions for Bird Ivorybilled woodpecker
2022-03-27 14:08:10,686 - ERROR - [-] Unknown Exceptions for Bird Ivorybreasted pitta
2022-03-27 14:09:28,574 - ERROR - [-] Unknown Exceptions for Bird Jacksons spurfowl
2022-03-27 14:10:05,800 - ERROR - [-] Unknown Exceptions for Bird Jacobin cuckoo
2022-03-27 14:12:26,580 - ERROR - [-] Unknown Exceptions for Bird Jamaican petrel
2022-03-27 14:12:51,641 - ERROR - [-] Unknown Exceptions for Bird Jamaican poorwill
2022-03-27 14:14:58,540 - ERROR - [-] Unknown Exceptions for Bird Jamesons wattleeye
2022-03-27 14:15:32,804 - ERROR - [-] Unknown Exceptions for Bird Jankowskis bunting
2022-03-27 14:16:18,140 - ERROR - [-] Unknown Exceptions for Bird Japanese green woodpecker
2022-03-27 14:17:52,032 - ERROR - [-] Unknown Exceptions for Bird Japanese reed bunting
2022-03-27 14:20:33,496 - ERROR - [-] Unknown Exceptions for Bird Javan bush warbler
2022-03-27 14:21:59,970 - ERROR - [-] Unknown Exceptions for Bird Javan hawkeagle
2022-03-27 14:22:22,887 - ERROR - [-] Unknown Exceptions for Bird Javan lapwing
2022-03-27 14:24:26,851 - ERROR - [-] Unknown Exceptions for Bird Javan whiteeye
2022-03-27 14:25:03,756 - ERROR - [-] Unknown Exceptions for Bird Jelskis chattyrant
2022-03-27 14:25:39,974 - ERROR - [-] Unknown Exceptions for Bird Jerdons bush chat
2022-03-27 14:25:48,652 - ERROR - [-] Unknown Exceptions for Bird Jerdons bush lark
2022-03-27 14:27:37,284 - ERROR - [-] Unknown Exceptions for Bird Johanness todytyrant
2022-03-27 14:27:45,639 - ERROR - [-] Unknown Exceptions for Bird Jonquil parrot
2022-03-27 14:28:39,183 - ERROR - [-] Unknown Exceptions for Bird Juan Fernández firecrown
2022-03-27 14:28:48,029 - ERROR - [-] Unknown Exceptions for Bird Juan Fernández petrel
2022-03-27 14:28:56,488 - ERROR - [-] Unknown Exceptions for Bird Juan Fernández tittyrant
2022-03-27 14:29:05,305 - ERROR - [-] Unknown Exceptions for Bird Juba weaver
2022-03-27 14:31:03,340 - ERROR - [-] Unknown Exceptions for Bird Junín canastero
2022-03-27 14:31:45,620 - ERROR - [-] Unknown Exceptions for Bird Kaempfers todytyrant
2022-03-27 14:32:09,854 - ERROR - [-] Unknown Exceptions for Bird Kagu
2022-03-27 14:32:29,533 - ERROR - [-] Unknown Exceptions for Bird Kakamega greenbul
2022-03-27 14:33:12,067 - ERROR - [-] Unknown Exceptions for Bird Kalinowskis chattyrant
2022-03-27 14:34:16,629 - ERROR - [-] Unknown Exceptions for Bird Karoo eremomela
2022-03-27 14:34:25,705 - ERROR - [-] Unknown Exceptions for Bird Karoo korhaan
2022-03-27 14:34:47,785 - ERROR - [-] Unknown Exceptions for Bird Karoo longbilled lark
2022-03-27 14:35:39,169 - ERROR - [-] Unknown Exceptions for Bird Karthala scops owl
2022-03-27 14:35:47,834 - ERROR - [-] Unknown Exceptions for Bird Karthala whiteeye
2022-03-27 14:37:22,093 - ERROR - [-] Unknown Exceptions for Bird Kauai nukupuu
2022-03-27 14:37:31,339 - ERROR - [-] Unknown Exceptions for Bird Kauai \u014d\u014d
2022-03-27 14:37:40,286 - ERROR - [-] Unknown Exceptions for Bird Kawalls amazon
2022-03-27 14:37:59,962 - ERROR - [-] Unknown Exceptions for Bird Keelbilled motmot
2022-03-27 14:38:09,282 - ERROR - [-] Unknown Exceptions for Bird Keelbilled toucan
2022-03-27 14:39:40,517 - ERROR - [-] Unknown Exceptions for Bird Kerer\u016b
2022-03-27 14:40:39,034 - ERROR - [-] Unknown Exceptions for Bird Kesslers thrush
2022-03-27 14:40:48,624 - ERROR - [-] Unknown Exceptions for Bird Key West quaildove
2022-03-27 14:40:57,087 - ERROR - [-] Unknown Exceptions for Bird Kikau
2022-03-27 14:41:05,903 - ERROR - [-] Unknown Exceptions for Bird Kikuyu whiteeye
2022-03-27 14:41:48,060 - ERROR - [-] Unknown Exceptions for Bird King birdofparadise
2022-03-27 14:42:08,752 - ERROR - [-] Unknown Exceptions for Bird King of Saxony birdofparadise
2022-03-27 14:42:29,264 - ERROR - [-] Unknown Exceptions for Bird King quail
2022-03-27 14:43:36,149 - ERROR - [-] Unknown Exceptions for Bird Kipengere seedeater
2022-03-27 14:43:44,444 - ERROR - [-] Unknown Exceptions for Bird Kirks whiteeye
2022-03-27 14:45:29,588 - ERROR - [-] Unknown Exceptions for Bird Knobbilled duck
2022-03-27 14:45:37,868 - ERROR - [-] Unknown Exceptions for Bird Knobbilled fruit dove
2022-03-27 14:47:46,963 - ERROR - [-] Unknown Exceptions for Bird Kolombangara whiteeye
2022-03-27 14:48:52,062 - ERROR - [-] Unknown Exceptions for Bird Kosrae fruit dove
2022-03-27 14:49:14,413 - ERROR - [-] Unknown Exceptions for Bird Kosrae whiteeye
2022-03-27 14:49:23,399 - ERROR - [-] Unknown Exceptions for Bird Kozlovs accentor
2022-03-27 14:49:57,094 - ERROR - [-] Unknown Exceptions for Bird Kuhls lorikeet
2022-03-27 14:50:40,364 - ERROR - [-] Unknown Exceptions for Bird K\u0101k\u0101
2022-03-27 14:50:48,664 - ERROR - [-] Unknown Exceptions for Bird K\u0101k\u0101wahie
2022-03-27 14:50:57,313 - ERROR - [-] Unknown Exceptions for Bird K\u0101mao
2022-03-27 14:52:02,921 - ERROR - [-] Unknown Exceptions for Bird Ladderbacked woodpecker
2022-03-27 14:52:11,551 - ERROR - [-] Unknown Exceptions for Bird Laddertailed nightjar
2022-03-27 14:53:47,085 - ERROR - [-] Unknown Exceptions for Bird Lancetailed manakin
2022-03-27 14:53:55,221 - ERROR - [-] Unknown Exceptions for Bird Landana firefinch
2022-03-27 14:54:26,437 - ERROR - [-] Unknown Exceptions for Bird Lappetfaced vulture
2022-03-27 14:54:35,134 - ERROR - [-] Unknown Exceptions for Bird Large Lifou whiteeye
2022-03-27 14:55:52,382 - ERROR - [-] Unknown Exceptions for Bird Large grey babbler
2022-03-27 14:56:12,712 - ERROR - [-] Unknown Exceptions for Bird Large hawkcuckoo
2022-03-27 14:57:17,515 - ERROR - [-] Unknown Exceptions for Bird Large wrenbabbler
2022-03-27 14:57:26,327 - ERROR - [-] Unknown Exceptions for Bird Largebilled antwren
2022-03-27 14:57:35,067 - ERROR - [-] Unknown Exceptions for Bird Largebilled crow
2022-03-27 14:57:43,761 - ERROR - [-] Unknown Exceptions for Bird Largebilled gerygone
2022-03-27 14:57:52,944 - ERROR - [-] Unknown Exceptions for Bird Largebilled lark
2022-03-27 14:58:01,605 - ERROR - [-] Unknown Exceptions for Bird Largebilled leaf warbler
2022-03-27 14:58:09,905 - ERROR - [-] Unknown Exceptions for Bird Largebilled parrotlet
2022-03-27 14:58:18,944 - ERROR - [-] Unknown Exceptions for Bird Largebilled reed warbler
2022-03-27 14:58:27,858 - ERROR - [-] Unknown Exceptions for Bird Largebilled scrubwren
2022-03-27 14:58:36,584 - ERROR - [-] Unknown Exceptions for Bird Largebilled seed finch
2022-03-27 14:58:45,121 - ERROR - [-] Unknown Exceptions for Bird Largebilled tern
2022-03-27 14:58:54,149 - ERROR - [-] Unknown Exceptions for Bird Largefooted finch
2022-03-27 14:59:03,005 - ERROR - [-] Unknown Exceptions for Bird Largefooted tapaculo
2022-03-27 14:59:11,261 - ERROR - [-] Unknown Exceptions for Bird Largeheaded flatbill
2022-03-27 14:59:20,150 - ERROR - [-] Unknown Exceptions for Bird Largeheaded flatbill1
2022-03-27 14:59:28,759 - ERROR - [-] Unknown Exceptions for Bird Largespotted nutcracker
2022-03-27 14:59:37,228 - ERROR - [-] Unknown Exceptions for Bird Largetailed antshrike
2022-03-27 14:59:46,215 - ERROR - [-] Unknown Exceptions for Bird Largetailed nightjar
2022-03-27 15:00:19,482 - ERROR - [-] Unknown Exceptions for Bird Larklike brushrunner
2022-03-27 15:00:28,334 - ERROR - [-] Unknown Exceptions for Bird Larklike bunting
2022-03-27 15:01:01,182 - ERROR - [-] Unknown Exceptions for Bird Latticetailed trogon
2022-03-27 15:02:45,194 - ERROR - [-] Unknown Exceptions for Bird Lava heron
2022-03-27 15:04:00,812 - ERROR - [-] Unknown Exceptions for Bird Layards woodcreeper
2022-03-27 15:04:21,275 - ERROR - [-] Unknown Exceptions for Bird Laysan apapane
2022-03-27 15:05:51,423 - ERROR - [-] Unknown Exceptions for Bird Lazy cisticola
2022-03-27 15:07:20,402 - ERROR - [-] Unknown Exceptions for Bird Lears macaw
2022-03-27 15:08:37,201 - ERROR - [-] Unknown Exceptions for Bird Least poorwill
2022-03-27 15:09:30,567 - ERROR - [-] Unknown Exceptions for Bird Legges flowerpecker
2022-03-27 15:09:38,790 - ERROR - [-] Unknown Exceptions for Bird Legges hawkeagle
2022-03-27 15:09:58,595 - ERROR - [-] Unknown Exceptions for Bird Lemonbellied crombec
2022-03-27 15:10:07,110 - ERROR - [-] Unknown Exceptions for Bird Lemonbellied flyrobin
2022-03-27 15:10:18,747 - ERROR - [-] Unknown Exceptions for Bird Lemonbellied whiteeye
2022-03-27 15:10:27,890 - ERROR - [-] Unknown Exceptions for Bird Lemonbreasted canary
2022-03-27 15:10:36,838 - ERROR - [-] Unknown Exceptions for Bird Lemonbrowed flycatcher
2022-03-27 15:10:45,610 - ERROR - [-] Unknown Exceptions for Bird Lemonchested greenlet
2022-03-27 15:10:53,652 - ERROR - [-] Unknown Exceptions for Bird Lemonrumped tanager
2022-03-27 15:11:02,410 - ERROR - [-] Unknown Exceptions for Bird Lemonrumped warbler
2022-03-27 15:11:11,399 - ERROR - [-] Unknown Exceptions for Bird Lemonspectacled tanager
2022-03-27 15:11:20,168 - ERROR - [-] Unknown Exceptions for Bird Lemonthroated barbet
2022-03-27 15:11:29,022 - ERROR - [-] Unknown Exceptions for Bird Lemonthroated leaf warbler
2022-03-27 15:13:05,949 - ERROR - [-] Unknown Exceptions for Bird Lesser birdofparadise
2022-03-27 15:13:14,554 - ERROR - [-] Unknown Exceptions for Bird Lesser blackbacked gull
2022-03-27 15:13:22,664 - ERROR - [-] Unknown Exceptions for Bird Lesser blueeared starling
2022-03-27 15:16:03,219 - ERROR - [-] Unknown Exceptions for Bird Lesser grey shrike
2022-03-27 15:16:46,189 - ERROR - [-] Unknown Exceptions for Bird Lesser hoopoelark
2022-03-27 15:16:54,650 - ERROR - [-] Unknown Exceptions for Bird Lesser horned owl
2022-03-27 15:19:42,915 - ERROR - [-] Unknown Exceptions for Bird Lesser rackettailed drongo
2022-03-27 15:20:51,605 - ERROR - [-] Unknown Exceptions for Bird Lesser shorttoed lark
2022-03-27 15:21:12,007 - ERROR - [-] Unknown Exceptions for Bird Lesser shriketyrant
2022-03-27 15:21:20,822 - ERROR - [-] Unknown Exceptions for Bird Lesser sooty owl
2022-03-27 15:22:00,967 - ERROR - [-] Unknown Exceptions for Bird Lesser superb birdofparadise
2022-03-27 15:22:09,461 - ERROR - [-] Unknown Exceptions for Bird Lesser swallowtailed swift
2022-03-27 15:22:52,570 - ERROR - [-] Unknown Exceptions for Bird Lesser wagtailtyrant
2022-03-27 15:23:14,206 - ERROR - [-] Unknown Exceptions for Bird Lesser whitefronted goose
2022-03-27 15:23:48,381 - ERROR - [-] Unknown Exceptions for Bird Lesser yellowheaded vulture
2022-03-27 15:24:42,057 - ERROR - [-] Unknown Exceptions for Bird Letitias thorntail
2022-03-27 15:25:02,827 - ERROR - [-] Unknown Exceptions for Bird Letterwinged kite
2022-03-27 15:25:56,798 - ERROR - [-] Unknown Exceptions for Bird Levaillant’s woodpecker
2022-03-27 15:27:34,266 - ERROR - [-] Unknown Exceptions for Bird Lightcrowned spinetail
2022-03-27 15:27:43,161 - ERROR - [-] Unknown Exceptions for Bird Lightmantled albatross
2022-03-27 15:27:52,232 - ERROR - [-] Unknown Exceptions for Bird Lightvented bulbul
2022-03-27 15:28:12,957 - ERROR - [-] Unknown Exceptions for Bird Lilacbreasted roller
2022-03-27 15:28:23,284 - ERROR - [-] Unknown Exceptions for Bird Lilaccrowned amazon
2022-03-27 15:28:33,411 - ERROR - [-] Unknown Exceptions for Bird Lilaccrowned fruit dove
2022-03-27 15:28:41,397 - ERROR - [-] Unknown Exceptions for Bird Lilactailed parrotlet
2022-03-27 15:29:12,158 - ERROR - [-] Unknown Exceptions for Bird Limestone wrenbabbler
2022-03-27 15:30:05,318 - ERROR - [-] Unknown Exceptions for Bird Lineated foliagegleaner
2022-03-27 15:30:28,008 - ERROR - [-] Unknown Exceptions for Bird Linecheeked spinetail
2022-03-27 15:30:57,428 - ERROR - [-] Unknown Exceptions for Bird Lined quaildove
2022-03-27 15:31:18,034 - ERROR - [-] Unknown Exceptions for Bird Linefronted canastero
2022-03-27 15:31:48,935 - ERROR - [-] Unknown Exceptions for Bird Little Sumba hawkowl
2022-03-27 15:31:57,990 - ERROR - [-] Unknown Exceptions for Bird Little auk
2022-03-27 15:32:06,673 - ERROR - [-] Unknown Exceptions for Bird Little beeeater
2022-03-27 15:33:44,400 - ERROR - [-] Unknown Exceptions for Bird Little chachalaca
2022-03-27 15:34:48,162 - ERROR - [-] Unknown Exceptions for Bird Little cuckoodove
2022-03-27 15:37:05,784 - ERROR - [-] Unknown Exceptions for Bird Little grey flycatcher
2022-03-27 15:37:14,452 - ERROR - [-] Unknown Exceptions for Bird Little grey greenbul
2022-03-27 15:37:23,996 - ERROR - [-] Unknown Exceptions for Bird Little grey woodpecker
2022-03-27 15:38:28,948 - ERROR - [-] Unknown Exceptions for Bird Little minivet
2022-03-27 15:43:33,681 - ERROR - [-] Unknown Exceptions for Bird Little yellow flycatcher
2022-03-27 15:44:38,906 - ERROR - [-] Unknown Exceptions for Bird Locust finch
2022-03-27 15:45:14,081 - ERROR - [-] Unknown Exceptions for Bird Loja tyrannulet
2022-03-27 15:45:36,553 - ERROR - [-] Unknown Exceptions for Bird Longbearded honeyeater
2022-03-27 15:45:45,881 - ERROR - [-] Unknown Exceptions for Bird Longbilled bernieria
2022-03-27 15:45:55,094 - ERROR - [-] Unknown Exceptions for Bird Longbilled bush warbler
2022-03-27 15:46:04,821 - ERROR - [-] Unknown Exceptions for Bird Longbilled corella
2022-03-27 15:46:14,363 - ERROR - [-] Unknown Exceptions for Bird Longbilled crombec
2022-03-27 15:46:23,480 - ERROR - [-] Unknown Exceptions for Bird Longbilled crow
2022-03-27 15:46:33,298 - ERROR - [-] Unknown Exceptions for Bird Longbilled cuckoo
2022-03-27 15:46:42,546 - ERROR - [-] Unknown Exceptions for Bird Longbilled curlew
2022-03-27 15:46:51,915 - ERROR - [-] Unknown Exceptions for Bird Longbilled dowitcher
2022-03-27 15:47:00,382 - ERROR - [-] Unknown Exceptions for Bird Longbilled forest warbler
2022-03-27 15:47:10,033 - ERROR - [-] Unknown Exceptions for Bird Longbilled hermit
2022-03-27 15:47:18,767 - ERROR - [-] Unknown Exceptions for Bird Longbilled honeyeater
2022-03-27 15:47:27,706 - ERROR - [-] Unknown Exceptions for Bird Longbilled murrelet
2022-03-27 15:47:36,349 - ERROR - [-] Unknown Exceptions for Bird Longbilled partridge
2022-03-27 15:47:45,065 - ERROR - [-] Unknown Exceptions for Bird Longbilled pipit
2022-03-27 15:47:53,790 - ERROR - [-] Unknown Exceptions for Bird Longbilled plover
2022-03-27 15:48:02,435 - ERROR - [-] Unknown Exceptions for Bird Longbilled spiderhunter
2022-03-27 15:48:10,903 - ERROR - [-] Unknown Exceptions for Bird Longbilled starthroat
2022-03-27 15:48:19,773 - ERROR - [-] Unknown Exceptions for Bird Longbilled thrasher
2022-03-27 15:48:29,140 - ERROR - [-] Unknown Exceptions for Bird Longbilled thrush
2022-03-27 15:48:39,604 - ERROR - [-] Unknown Exceptions for Bird Longbilled whiteeye
2022-03-27 15:48:54,240 - ERROR - [-] Unknown Exceptions for Bird Longbilled woodcreeper
2022-03-27 15:49:08,976 - ERROR - [-] Unknown Exceptions for Bird Longbilled wren
2022-03-27 15:49:21,703 - ERROR - [-] Unknown Exceptions for Bird Longbilled wrenbabbler
2022-03-27 15:49:34,275 - ERROR - [-] Unknown Exceptions for Bird Longcrested eagle
2022-03-27 15:49:46,174 - ERROR - [-] Unknown Exceptions for Bird Longcrested myna
2022-03-27 15:49:58,787 - ERROR - [-] Unknown Exceptions for Bird Longcrested pygmy tyrant
2022-03-27 15:50:13,225 - ERROR - [-] Unknown Exceptions for Bird Longeared owl
2022-03-27 15:50:24,914 - ERROR - [-] Unknown Exceptions for Bird Longlegged buzzard
2022-03-27 15:50:36,714 - ERROR - [-] Unknown Exceptions for Bird Longlegged pipit
2022-03-27 15:50:57,783 - ERROR - [-] Unknown Exceptions for Bird Longlegged thicketbird
2022-03-27 15:51:07,856 - ERROR - [-] Unknown Exceptions for Bird Longtailed broadbill
2022-03-27 15:51:17,061 - ERROR - [-] Unknown Exceptions for Bird Longtailed bush warbler
2022-03-27 15:51:26,780 - ERROR - [-] Unknown Exceptions for Bird Longtailed cinclodes
2022-03-27 15:51:35,833 - ERROR - [-] Unknown Exceptions for Bird Longtailed cisticola
2022-03-27 15:51:45,151 - ERROR - [-] Unknown Exceptions for Bird Longtailed duck
2022-03-27 15:51:54,728 - ERROR - [-] Unknown Exceptions for Bird Longtailed fantail
2022-03-27 15:52:03,646 - ERROR - [-] Unknown Exceptions for Bird Longtailed finch
2022-03-27 15:52:13,307 - ERROR - [-] Unknown Exceptions for Bird Longtailed fiscal
2022-03-27 15:52:23,209 - ERROR - [-] Unknown Exceptions for Bird Longtailed glossy starling
2022-03-27 15:52:33,588 - ERROR - [-] Unknown Exceptions for Bird Longtailed ground dove
2022-03-27 15:52:42,702 - ERROR - [-] Unknown Exceptions for Bird Longtailed ground roller
2022-03-27 15:52:54,461 - ERROR - [-] Unknown Exceptions for Bird Longtailed hawk
2022-03-27 15:53:04,208 - ERROR - [-] Unknown Exceptions for Bird Longtailed hermit
2022-03-27 15:53:14,360 - ERROR - [-] Unknown Exceptions for Bird Longtailed honey buzzard
2022-03-27 15:53:23,006 - ERROR - [-] Unknown Exceptions for Bird Longtailed jaeger
2022-03-27 15:53:33,877 - ERROR - [-] Unknown Exceptions for Bird Longtailed manakin
2022-03-27 15:53:43,757 - ERROR - [-] Unknown Exceptions for Bird Longtailed meadowlark
2022-03-27 15:53:58,142 - ERROR - [-] Unknown Exceptions for Bird Longtailed minivet
2022-03-27 15:54:08,706 - ERROR - [-] Unknown Exceptions for Bird Longtailed mockingbird
2022-03-27 15:54:19,778 - ERROR - [-] Unknown Exceptions for Bird Longtailed myna
2022-03-27 15:54:29,480 - ERROR - [-] Unknown Exceptions for Bird Longtailed nightjar
2022-03-27 15:54:38,256 - ERROR - [-] Unknown Exceptions for Bird Longtailed paradigalla
2022-03-27 15:54:46,903 - ERROR - [-] Unknown Exceptions for Bird Longtailed paradise whydah
2022-03-27 15:54:55,714 - ERROR - [-] Unknown Exceptions for Bird Longtailed parakeet
2022-03-27 15:55:04,588 - ERROR - [-] Unknown Exceptions for Bird Longtailed potoo
2022-03-27 15:55:17,975 - ERROR - [-] Unknown Exceptions for Bird Longtailed reed finch
2022-03-27 15:55:27,208 - ERROR - [-] Unknown Exceptions for Bird Longtailed rosefinch
2022-03-27 15:55:37,707 - ERROR - [-] Unknown Exceptions for Bird Longtailed sabrewing
2022-03-27 15:55:47,278 - ERROR - [-] Unknown Exceptions for Bird Longtailed shrike
2022-03-27 15:55:57,875 - ERROR - [-] Unknown Exceptions for Bird Longtailed sibia
2022-03-27 15:56:08,293 - ERROR - [-] Unknown Exceptions for Bird Longtailed silkyflycatcher
2022-03-27 15:56:20,152 - ERROR - [-] Unknown Exceptions for Bird Longtailed starling
2022-03-27 15:56:30,678 - ERROR - [-] Unknown Exceptions for Bird Longtailed starling1
2022-03-27 15:56:40,721 - ERROR - [-] Unknown Exceptions for Bird Longtailed sylph
2022-03-27 15:56:52,149 - ERROR - [-] Unknown Exceptions for Bird Longtailed tapaculo
2022-03-27 15:57:04,755 - ERROR - [-] Unknown Exceptions for Bird Longtailed thrush
2022-03-27 15:57:15,127 - ERROR - [-] Unknown Exceptions for Bird Longtailed tit
2022-03-27 15:57:26,452 - ERROR - [-] Unknown Exceptions for Bird Longtailed triller
2022-03-27 15:57:37,741 - ERROR - [-] Unknown Exceptions for Bird Longtailed tyrant
2022-03-27 15:57:47,658 - ERROR - [-] Unknown Exceptions for Bird Longtailed widowbird
2022-03-27 15:57:57,434 - ERROR - [-] Unknown Exceptions for Bird Longtailed wood partridge
2022-03-27 15:58:07,724 - ERROR - [-] Unknown Exceptions for Bird Longtailed woodcreeper
2022-03-27 15:58:18,052 - ERROR - [-] Unknown Exceptions for Bird Longtailed woodnymph
2022-03-27 15:58:29,283 - ERROR - [-] Unknown Exceptions for Bird Longtoed lapwing
2022-03-27 15:58:39,005 - ERROR - [-] Unknown Exceptions for Bird Longtoed stint
2022-03-27 15:58:48,362 - ERROR - [-] Unknown Exceptions for Bird Longtrained nightjar
2022-03-27 15:58:58,291 - ERROR - [-] Unknown Exceptions for Bird Longtufted screech owl
2022-03-27 15:59:07,812 - ERROR - [-] Unknown Exceptions for Bird Longuemares sunangel
2022-03-27 15:59:16,975 - ERROR - [-] Unknown Exceptions for Bird Longwattled umbrellabird
2022-03-27 15:59:26,916 - ERROR - [-] Unknown Exceptions for Bird Longwhiskered owlet
2022-03-27 15:59:36,215 - ERROR - [-] Unknown Exceptions for Bird Longwinged antwren
2022-03-27 15:59:46,169 - ERROR - [-] Unknown Exceptions for Bird Longwinged harrier
2022-03-27 15:59:56,559 - ERROR - [-] Unknown Exceptions for Bird Lord Derbys parakeet
2022-03-27 16:00:20,781 - ERROR - [-] Unknown Exceptions for Bird Lord Howe parakeet
2022-03-27 16:00:30,822 - ERROR - [-] Unknown Exceptions for Bird Lord Howe woodhen
2022-03-27 16:01:51,187 - ERROR - [-] Unknown Exceptions for Bird Louisiade whiteeye
2022-03-27 16:03:04,089 - ERROR - [-] Unknown Exceptions for Bird Lowland Tiny Greenbul
2022-03-27 16:03:25,592 - ERROR - [-] Unknown Exceptions for Bird Lowland masked apalis
2022-03-27 16:04:01,430 - ERROR - [-] Unknown Exceptions for Bird Lowland tiny greenbul
2022-03-27 16:04:12,768 - ERROR - [-] Unknown Exceptions for Bird Lowland whiteeye
2022-03-27 16:04:35,182 - ERROR - [-] Unknown Exceptions for Bird Lucifer sheartail
2022-03-27 16:06:33,878 - ERROR - [-] Unknown Exceptions for Bird Ludwigs doublecollared sunbird
2022-03-27 16:07:02,331 - ERROR - [-] Unknown Exceptions for Bird Lulus todyflycatcher
2022-03-27 16:07:32,873 - ERROR - [-] Unknown Exceptions for Bird Luzon bleedingheart
2022-03-27 16:07:59,458 - ERROR - [-] Unknown Exceptions for Bird Luzon hawkowl
2022-03-27 16:08:53,999 - ERROR - [-] Unknown Exceptions for Bird Luzon sunbird
2022-03-27 16:09:04,066 - ERROR - [-] Unknown Exceptions for Bird Luzon water redstart
2022-03-27 16:09:13,093 - ERROR - [-] Unknown Exceptions for Bird Lyalls wren
2022-03-27 16:09:21,971 - ERROR - [-] Unknown Exceptions for Bird Lyness cisticola
2022-03-27 16:09:31,473 - ERROR - [-] Unknown Exceptions for Bird Lyness cisticola Scientific classification
2022-03-27 16:09:42,103 - ERROR - [-] Unknown Exceptions for Bird Lyretailed honeyguide
2022-03-27 16:09:55,913 - ERROR - [-] Unknown Exceptions for Bird Lyretailed nightjar
2022-03-27 16:10:36,197 - ERROR - [-] Unknown Exceptions for Bird L\u0101nai hookbill
2022-03-27 16:12:30,170 - ERROR - [-] Unknown Exceptions for Bird Mackinlays cuckoodove
2022-03-27 16:13:22,804 - ERROR - [-] Unknown Exceptions for Bird Macquarie parakeet
2022-03-27 16:13:45,788 - ERROR - [-] Unknown Exceptions for Bird Madagascan blue pigeon
2022-03-27 16:13:54,813 - ERROR - [-] Unknown Exceptions for Bird Madagascan buttonquail
2022-03-27 16:14:04,965 - ERROR - [-] Unknown Exceptions for Bird Madagascan cisticola
2022-03-27 16:14:14,425 - ERROR - [-] Unknown Exceptions for Bird Madagascan cuckoo
2022-03-27 16:14:24,359 - ERROR - [-] Unknown Exceptions for Bird Madagascan cuckooshrike
2022-03-27 16:14:33,782 - ERROR - [-] Unknown Exceptions for Bird Madagascan fish eagle
2022-03-27 16:14:44,023 - ERROR - [-] Unknown Exceptions for Bird Madagascan flufftail
2022-03-27 16:14:52,982 - ERROR - [-] Unknown Exceptions for Bird Madagascan grebe
2022-03-27 16:15:02,475 - ERROR - [-] Unknown Exceptions for Bird Madagascan green pigeon
2022-03-27 16:15:16,766 - ERROR - [-] Unknown Exceptions for Bird Madagascan harrierhawk
2022-03-27 16:15:25,840 - ERROR - [-] Unknown Exceptions for Bird Madagascan hoopoe
2022-03-27 16:15:34,978 - ERROR - [-] Unknown Exceptions for Bird Madagascan ibis
2022-03-27 16:15:44,624 - ERROR - [-] Unknown Exceptions for Bird Madagascan jacana
2022-03-27 16:15:54,328 - ERROR - [-] Unknown Exceptions for Bird Madagascan lark
2022-03-27 16:16:04,403 - ERROR - [-] Unknown Exceptions for Bird Madagascan magpierobin
2022-03-27 16:16:14,257 - ERROR - [-] Unknown Exceptions for Bird Madagascan mannikin
2022-03-27 16:16:23,500 - ERROR - [-] Unknown Exceptions for Bird Madagascan nightjar
2022-03-27 16:16:31,880 - ERROR - [-] Unknown Exceptions for Bird Madagascan owl
2022-03-27 16:16:42,328 - ERROR - [-] Unknown Exceptions for Bird Madagascan partridge
2022-03-27 16:16:52,524 - ERROR - [-] Unknown Exceptions for Bird Madagascan plover
2022-03-27 16:17:01,850 - ERROR - [-] Unknown Exceptions for Bird Madagascan pochard
2022-03-27 16:17:10,947 - ERROR - [-] Unknown Exceptions for Bird Madagascan pratincole
2022-03-27 16:17:20,481 - ERROR - [-] Unknown Exceptions for Bird Madagascan pygmy kingfisher
2022-03-27 16:17:29,366 - ERROR - [-] Unknown Exceptions for Bird Madagascan rail
2022-03-27 16:17:37,645 - ERROR - [-] Unknown Exceptions for Bird Madagascan sandgrouse
2022-03-27 16:17:50,307 - ERROR - [-] Unknown Exceptions for Bird Madagascan serpent eagle
2022-03-27 16:18:01,021 - ERROR - [-] Unknown Exceptions for Bird Madagascan snipe
2022-03-27 16:18:11,694 - ERROR - [-] Unknown Exceptions for Bird Madagascan sparrowhawk
2022-03-27 16:18:22,023 - ERROR - [-] Unknown Exceptions for Bird Madagascan spinetail
2022-03-27 16:18:31,426 - ERROR - [-] Unknown Exceptions for Bird Madagascan starling
2022-03-27 16:18:40,301 - ERROR - [-] Unknown Exceptions for Bird Madagascan stonechat
2022-03-27 16:18:50,139 - ERROR - [-] Unknown Exceptions for Bird Madagascan swamp warbler
2022-03-27 16:18:59,227 - ERROR - [-] Unknown Exceptions for Bird Madagascan wagtail
2022-03-27 16:19:08,230 - ERROR - [-] Unknown Exceptions for Bird Madagascan wood rail
2022-03-27 16:19:17,615 - ERROR - [-] Unknown Exceptions for Bird Madagascan yellowbrow
2022-03-27 16:19:39,784 - ERROR - [-] Unknown Exceptions for Bird Madagascar cuckoohawk
2022-03-27 16:22:33,875 - ERROR - [-] Unknown Exceptions for Bird Magentathroated woodstar
2022-03-27 16:23:18,890 - ERROR - [-] Unknown Exceptions for Bird Magnificent birdofparadise
2022-03-27 16:25:25,291 - ERROR - [-] Unknown Exceptions for Bird Magpielark
2022-03-27 16:25:46,725 - ERROR - [-] Unknown Exceptions for Bird Major Mitchells cockatoo
2022-03-27 16:26:46,267 - ERROR - [-] Unknown Exceptions for Bird Makira fantail
2022-03-27 16:26:57,083 - ERROR - [-] Unknown Exceptions for Bird Makira flycatcher
2022-03-27 16:27:57,556 - ERROR - [-] Unknown Exceptions for Bird Makira woodhen
2022-03-27 16:28:19,619 - ERROR - [-] Unknown Exceptions for Bird Malabar grey hornbill
2022-03-27 16:30:33,109 - ERROR - [-] Unknown Exceptions for Bird Malagasy black swift
2022-03-27 16:31:20,671 - ERROR - [-] Unknown Exceptions for Bird Malagasy green sunbird
2022-03-27 16:33:13,028 - ERROR - [-] Unknown Exceptions for Bird Malagasy whiteeye
2022-03-27 16:33:44,758 - ERROR - [-] Unknown Exceptions for Bird Malaita whiteeye
2022-03-27 16:34:40,018 - ERROR - [-] Unknown Exceptions for Bird Malayan peacockpheasant
2022-03-27 16:35:14,913 - ERROR - [-] Unknown Exceptions for Bird Malaysian crested argus
2022-03-27 16:35:35,410 - ERROR - [-] Unknown Exceptions for Bird Malaysian hawkcuckoo
2022-03-27 16:35:57,032 - ERROR - [-] Unknown Exceptions for Bird Malaysian partridge
2022-03-27 16:40:11,988 - ERROR - [-] Unknown Exceptions for Bird Mangareva kingfisher
2022-03-27 16:41:50,829 - ERROR - [-] Unknown Exceptions for Bird Mangrove golden whistler
2022-03-27 16:43:29,091 - ERROR - [-] Unknown Exceptions for Bird Mangrove sunbird
2022-03-27 16:44:27,278 - ERROR - [-] Unknown Exceptions for Bird Mangrove warbler
2022-03-27 16:44:52,053 - ERROR - [-] Unknown Exceptions for Bird Manicoré warbling antbird
2022-03-27 16:46:30,786 - ERROR - [-] Unknown Exceptions for Bird Manu parrotlet
2022-03-27 16:47:32,418 - ERROR - [-] Unknown Exceptions for Bird Manus friarbird
2022-03-27 16:48:17,542 - ERROR - [-] Unknown Exceptions for Bird Manybanded aracari
2022-03-27 16:48:27,451 - ERROR - [-] Unknown Exceptions for Bird Manycolored Chaco finch
2022-03-27 16:48:37,365 - ERROR - [-] Unknown Exceptions for Bird Manycolored bushshrike
2022-03-27 16:48:47,268 - ERROR - [-] Unknown Exceptions for Bird Manycolored fruit dove
2022-03-27 16:48:56,243 - ERROR - [-] Unknown Exceptions for Bird Manycolored rush tyrant
2022-03-27 16:49:05,266 - ERROR - [-] Unknown Exceptions for Bird Manyspotted hummingbird
2022-03-27 16:49:13,539 - ERROR - [-] Unknown Exceptions for Bird Manystriped canastero
2022-03-27 16:49:58,450 - ERROR - [-] Unknown Exceptions for Bird Maracaibo todyflycatcher
2022-03-27 16:50:22,170 - ERROR - [-] Unknown Exceptions for Bird Maranon pigeon
2022-03-27 16:50:31,688 - ERROR - [-] Unknown Exceptions for Bird Marañón crescentchest
2022-03-27 16:50:41,067 - ERROR - [-] Unknown Exceptions for Bird Marañón spinetail
2022-03-27 16:50:50,777 - ERROR - [-] Unknown Exceptions for Bird Marañón thrush
2022-03-27 16:50:59,487 - ERROR - [-] Unknown Exceptions for Bird Marbled duck
2022-03-27 16:52:08,627 - ERROR - [-] Unknown Exceptions for Bird Marbled wrenbabbler
2022-03-27 16:52:17,946 - ERROR - [-] Unknown Exceptions for Bird Marblefaced bristle tyrant
2022-03-27 16:52:38,738 - ERROR - [-] Unknown Exceptions for Bird Margarets batis
2022-03-27 16:53:43,278 - ERROR - [-] Unknown Exceptions for Bird Marianne whiteeye
2022-03-27 16:53:52,815 - ERROR - [-] Unknown Exceptions for Bird Marico flycatcher
2022-03-27 16:54:01,829 - ERROR - [-] Unknown Exceptions for Bird Marico sunbird
2022-03-27 16:54:59,914 - ERROR - [-] Unknown Exceptions for Bird Maroon shining parrot
2022-03-27 16:55:12,547 - ERROR - [-] Unknown Exceptions for Bird Maroon woodpecker
2022-03-27 16:55:21,069 - ERROR - [-] Unknown Exceptions for Bird Maroonbacked accentor
2022-03-27 16:55:29,739 - ERROR - [-] Unknown Exceptions for Bird Maroonbacked whistler
2022-03-27 16:55:39,078 - ERROR - [-] Unknown Exceptions for Bird Maroonbellied parakeet
2022-03-27 16:55:47,938 - ERROR - [-] Unknown Exceptions for Bird Maroonbelted chattyrant
2022-03-27 16:55:56,863 - ERROR - [-] Unknown Exceptions for Bird Maroonbreasted philentoma
2022-03-27 16:56:07,026 - ERROR - [-] Unknown Exceptions for Bird Maroonchested ground dove
2022-03-27 16:56:15,268 - ERROR - [-] Unknown Exceptions for Bird Maroonfronted parrot
2022-03-27 16:56:24,728 - ERROR - [-] Unknown Exceptions for Bird Maroonnaped sunbird
2022-03-27 16:56:34,880 - ERROR - [-] Unknown Exceptions for Bird Maroontailed parakeet
2022-03-27 16:56:43,737 - ERROR - [-] Unknown Exceptions for Bird Marquesan ground dove
2022-03-27 16:56:52,588 - ERROR - [-] Unknown Exceptions for Bird Marquesan imperial pigeon
2022-03-27 16:57:01,217 - ERROR - [-] Unknown Exceptions for Bird Marquesan kingfisher
2022-03-27 16:57:10,215 - ERROR - [-] Unknown Exceptions for Bird Marquesan monarch
2022-03-27 16:59:50,941 - ERROR - [-] Unknown Exceptions for Bird Marshalls iora
2022-03-27 17:00:36,915 - ERROR - [-] Unknown Exceptions for Bird Marvellous spatuletail
2022-03-27 17:01:00,560 - ERROR - [-] Unknown Exceptions for Bird Mascarene coot
2022-03-27 17:01:10,041 - ERROR - [-] Unknown Exceptions for Bird Mascarene grey parakeet
2022-03-27 17:02:13,340 - ERROR - [-] Unknown Exceptions for Bird Mascarene teal
2022-03-27 17:07:18,804 - ERROR - [-] Unknown Exceptions for Bird Matinan blue flycatcher
2022-03-27 17:07:39,179 - ERROR - [-] Unknown Exceptions for Bird Mato Grosso swift
2022-03-27 17:08:26,877 - ERROR - [-] Unknown Exceptions for Bird Maui akepa
2022-03-27 17:08:49,065 - ERROR - [-] Unknown Exceptions for Bird Maui nukupuu
2022-03-27 17:09:10,516 - ERROR - [-] Unknown Exceptions for Bird Mauke starling
2022-03-27 17:10:17,481 - ERROR - [-] Unknown Exceptions for Bird Mauritius grey whiteeye
2022-03-27 17:10:38,793 - ERROR - [-] Unknown Exceptions for Bird Mauritius night heron
2022-03-27 17:10:47,224 - ERROR - [-] Unknown Exceptions for Bird Mauritius olive whiteeye
2022-03-27 17:10:58,129 - ERROR - [-] Unknown Exceptions for Bird Mauritius owl
2022-03-27 17:11:07,510 - ERROR - [-] Unknown Exceptions for Bird Mauritius sheldgoose
2022-03-27 17:12:14,429 - ERROR - [-] Unknown Exceptions for Bird Mayotte whiteeye
2022-03-27 17:12:23,085 - ERROR - [-] Unknown Exceptions for Bird Mayrs forest rail
2022-03-27 17:12:53,390 - ERROR - [-] Unknown Exceptions for Bird Mbulu whiteeye
2022-03-27 17:14:09,975 - ERROR - [-] Unknown Exceptions for Bird Mediterranean flycatcher
2022-03-27 17:15:29,918 - ERROR - [-] Unknown Exceptions for Bird Meess whiteeye
2022-03-27 17:16:14,539 - ERROR - [-] Unknown Exceptions for Bird Melanesian kingfisher
2022-03-27 17:16:23,374 - ERROR - [-] Unknown Exceptions for Bird Melanesian megapode
2022-03-27 17:16:32,429 - ERROR - [-] Unknown Exceptions for Bird Melanesian thicketbird
2022-03-27 17:16:40,608 - ERROR - [-] Unknown Exceptions for Bird Melanesian whistler
2022-03-27 17:17:01,036 - ERROR - [-] Unknown Exceptions for Bird Melodious babbler
2022-03-27 17:17:21,222 - ERROR - [-] Unknown Exceptions for Bird Melodious lark
2022-03-27 17:18:05,074 - ERROR - [-] Unknown Exceptions for Bird Merida brushfinch
2022-03-27 17:18:58,684 - ERROR - [-] Unknown Exceptions for Bird Metallicgreen tanager
2022-03-27 17:19:07,352 - ERROR - [-] Unknown Exceptions for Bird Metallicwinged sunbird
2022-03-27 17:19:38,756 - ERROR - [-] Unknown Exceptions for Bird Mexican cacique
2022-03-27 17:21:44,377 - ERROR - [-] Unknown Exceptions for Bird Mexican whippoorwill
2022-03-27 17:22:50,284 - ERROR - [-] Unknown Exceptions for Bird Micronesian megapode
2022-03-27 17:24:13,720 - ERROR - [-] Unknown Exceptions for Bird Midmountain berrypecker
2022-03-27 17:25:55,184 - ERROR - [-] Unknown Exceptions for Bird Mindanao bleedingheart
2022-03-27 17:26:29,014 - ERROR - [-] Unknown Exceptions for Bird Mindanao hawkowl
2022-03-27 17:27:00,472 - ERROR - [-] Unknown Exceptions for Bird Mindanao miniature babbler
2022-03-27 17:27:20,277 - ERROR - [-] Unknown Exceptions for Bird Mindanao rackettail
2022-03-27 17:27:42,013 - ERROR - [-] Unknown Exceptions for Bird Mindanao whiteeye
2022-03-27 17:27:51,390 - ERROR - [-] Unknown Exceptions for Bird Mindoro bleedingheart
2022-03-27 17:28:12,276 - ERROR - [-] Unknown Exceptions for Bird Mindoro hawkowl
2022-03-27 17:28:44,727 - ERROR - [-] Unknown Exceptions for Bird Mindoro rackettail
2022-03-27 17:29:15,381 - ERROR - [-] Unknown Exceptions for Bird Miombo blueeared starling
2022-03-27 17:29:23,740 - ERROR - [-] Unknown Exceptions for Bird Miombo pied barbet
2022-03-27 17:30:14,426 - ERROR - [-] Unknown Exceptions for Bird Miombo wrenwarbler
2022-03-27 17:30:34,179 - ERROR - [-] Unknown Exceptions for Bird Mishmi wrenbabbler
2022-03-27 17:33:18,261 - ERROR - [-] Unknown Exceptions for Bird Moluccan drongocuckoo
2022-03-27 17:34:00,730 - ERROR - [-] Unknown Exceptions for Bird Moluccan goshawkHalmaheran goshawk
2022-03-27 17:34:34,409 - ERROR - [-] Unknown Exceptions for Bird Moluccan masked owl
2022-03-27 17:34:42,861 - ERROR - [-] Unknown Exceptions for Bird Moluccan megapode
2022-03-27 17:34:52,399 - ERROR - [-] Unknown Exceptions for Bird Moluccan monarch
2022-03-27 17:35:00,966 - ERROR - [-] Unknown Exceptions for Bird Moluccan owletnightjar
2022-03-27 17:36:24,256 - ERROR - [-] Unknown Exceptions for Bird Mongolian shorttoed lark
2022-03-27 17:37:08,394 - ERROR - [-] Unknown Exceptions for Bird Montane foliagegleaner
2022-03-27 17:37:17,445 - ERROR - [-] Unknown Exceptions for Bird Montane nightjar
2022-03-27 17:37:25,789 - ERROR - [-] Unknown Exceptions for Bird Montane rackettail
2022-03-27 17:37:34,916 - ERROR - [-] Unknown Exceptions for Bird Montane tiny greenbul
2022-03-27 17:37:44,596 - ERROR - [-] Unknown Exceptions for Bird Montane widowbird
2022-03-27 17:39:32,927 - ERROR - [-] Unknown Exceptions for Bird Moorea reed warbler
2022-03-27 17:40:51,295 - ERROR - [-] Unknown Exceptions for Bird Morenos ground dove
2022-03-27 17:41:23,534 - ERROR - [-] Unknown Exceptions for Bird Morotai whiteeye
2022-03-27 17:41:44,470 - ERROR - [-] Unknown Exceptions for Bird Mossbacked tanager
2022-03-27 17:41:53,265 - ERROR - [-] Unknown Exceptions for Bird Mossynest swiftlet
2022-03-27 17:42:03,247 - ERROR - [-] Unknown Exceptions for Bird Mottlebacked elaenia
2022-03-27 17:42:13,078 - ERROR - [-] Unknown Exceptions for Bird Mottlebreasted honeyeater
2022-03-27 17:42:22,663 - ERROR - [-] Unknown Exceptions for Bird Mottlecheeked tyrannulet
2022-03-27 17:44:21,037 - ERROR - [-] Unknown Exceptions for Bird Mount Cameroon speirops
2022-03-27 17:44:30,315 - ERROR - [-] Unknown Exceptions for Bird Mount Cameroon spurfowl
2022-03-27 17:45:44,181 - ERROR - [-] Unknown Exceptions for Bird Mountain blackeye
2022-03-27 17:48:16,160 - ERROR - [-] Unknown Exceptions for Bird Mountain hawkeagle
2022-03-27 17:49:25,355 - ERROR - [-] Unknown Exceptions for Bird Mountain masked apalis
2022-03-27 17:49:34,370 - ERROR - [-] Unknown Exceptions for Bird Mountain mousewarbler
2022-03-27 17:49:43,404 - ERROR - [-] Unknown Exceptions for Bird Mountain myzomela
2022-03-27 17:49:52,145 - ERROR - [-] Unknown Exceptions for Bird Mountain oriole
2022-03-27 17:50:01,173 - ERROR - [-] Unknown Exceptions for Bird Mountain owletnightjar
2022-03-27 17:50:25,283 - ERROR - [-] Unknown Exceptions for Bird Mountain peacockpheasant
2022-03-27 17:51:09,339 - ERROR - [-] Unknown Exceptions for Bird Mountain pygmy owl
2022-03-27 17:51:42,419 - ERROR - [-] Unknown Exceptions for Bird Mountain robinchat
2022-03-27 17:52:49,348 - ERROR - [-] Unknown Exceptions for Bird Mountain sooty boubou
